
*******************************************************************************
Parameters configured:
working directory:  /home/camille/1000Genomes/data
number of markers to extract and process:  10000
number of pools:  156
subsetting the main data set at 10%:  False
kind of genotype data:  GL
Path to GT files:  /home/camille/1000Genomes/data/gt/stratified
Path to GL files:  /home/camille/1000Genomes/data/gl
binarize MAFs:  False
values for missing GLs:  adaptive
******************************************************************************

{'a': <class 'int'>, 'b': <class 'int'>, 'c': <class 'int'>, 'return': typing.Tuple[int]}
{'name': 'shadok1'}
Shadok shadok1 is now pumping
{'name': 'shadok1', 'state': 'pumping'}
shadok1
pumping
Process duration timeit:  0.00011564200394786894
Process duration mix and mess:  -1583180242.0737178
Process time.clock:  2.401475
Python 3.6.9 (default, Nov  7 2019, 10:44:02) 
Type 'copyright', 'credits' or 'license' for more information
IPython 7.9.0 -- An enhanced Interactive Python. Type '?' for help.
PyDev console: using IPython 7.9.0

Python 3.6.9 (default, Nov  7 2019, 10:44:02) 
[GCC 8.3.0] on linux
Out[3]: False
